<?xml version="1.0" encoding="UTF-8"?>
<!-- Generated by org.testng.reporters.JUnitXMLReporter -->
<testsuite ignored="0" hostname="Saanvi_Singh" failures="0" tests="10" name="Default test" time="0.216" errors="0" timestamp="2023-10-12T21:38:44 EDT">
  <testcase classname="crossBrowser.CrossBrowserStackTesting" name="@BeforeTest setup" time="-1.697161124666E9">
    <failure type="org.testng.TestNGException" message="
Parameter &amp;apos;browser&amp;apos; is required by BeforeTest on method setup but has not been marked @Optional or defined
in C:\Users\indu2\AppData\Local\Temp\testng-eclipse--1020756178\testng-customsuite.xml">
      <![CDATA[org.testng.TestNGException: 
Parameter 'browser' is required by BeforeTest on method setup but has not been marked @Optional or defined
in C:\Users\indu2\AppData\Local\Temp\testng-eclipse--1020756178\testng-customsuite.xml
at org.testng.internal.Parameters.createParams(Parameters.java:267)
at org.testng.internal.Parameters.createParametersForMethod(Parameters.java:355)
at org.testng.internal.Parameters.createParameters(Parameters.java:684)
at org.testng.internal.Parameters.createConfigurationParameters(Parameters.java:166)
at org.testng.internal.invokers.ConfigInvoker.invokeConfigurations(ConfigInvoker.java:277)
at org.testng.TestRunner.invokeTestConfigurations(TestRunner.java:643)
at org.testng.TestRunner.beforeRun(TestRunner.java:632)
at org.testng.TestRunner.run(TestRunner.java:594)
at org.testng.SuiteRunner.runTest(SuiteRunner.java:433)
at org.testng.SuiteRunner.runSequentially(SuiteRunner.java:427)
at org.testng.SuiteRunner.privateRun(SuiteRunner.java:387)
at org.testng.SuiteRunner.run(SuiteRunner.java:330)
at org.testng.SuiteRunnerWorker.runSuite(SuiteRunnerWorker.java:52)
at org.testng.SuiteRunnerWorker.run(SuiteRunnerWorker.java:95)
at org.testng.TestNG.runSuitesSequentially(TestNG.java:1256)
at org.testng.TestNG.runSuitesLocally(TestNG.java:1176)
at org.testng.TestNG.runSuites(TestNG.java:1099)
at org.testng.TestNG.run(TestNG.java:1067)
at org.testng.remote.AbstractRemoteTestNG.run(AbstractRemoteTestNG.java:115)
at org.testng.remote.RemoteTestNG.initAndRun(RemoteTestNG.java:251)
at org.testng.remote.RemoteTestNG.main(RemoteTestNG.java:77)
]]>
    </failure>
  </testcase> <!-- @BeforeTest setup -->
  <testcase classname="crossBrowser.CrossBrowserStackTesting" name="@AfterTest browserQuit" time="0.0">
    <skipped/>
  </testcase> <!-- @AfterTest browserQuit -->
  <testcase classname="crossBrowser.CrossBrowserStackTesting" name="Login_in" time="0.0">
    <skipped/>
  </testcase> <!-- Login_in -->
  <testcase classname="crossBrowser.CrossBrowserStackTesting" name="User_Open_The_Stack_Page" time="0.0">
    <skipped/>
  </testcase> <!-- User_Open_The_Stack_Page -->
  <testcase classname="crossBrowser.CrossBrowserStackTesting" name="User_Open_The_Page_Operations_In_Stack" time="0.0">
    <skipped/>
  </testcase> <!-- User_Open_The_Page_Operations_In_Stack -->
  <testcase classname="crossBrowser.CrossBrowserStackTesting" name="Open_the_TryeditorPage_in_Operationpage_of_Stack" time="0.0">
    <skipped/>
  </testcase> <!-- Open_the_TryeditorPage_in_Operationpage_of_Stack -->
  <testcase classname="crossBrowser.CrossBrowserStackTesting" name="Enters_Message_Run_Test_in_TryEditorBox" time="0.0">
    <skipped/>
  </testcase> <!-- Enters_Message_Run_Test_in_TryEditorBox -->
  <testcase classname="crossBrowser.CrossBrowserStackTesting" name="Open_The_ImplementationPage_in_Stack" time="0.0">
    <skipped/>
  </testcase> <!-- Open_The_ImplementationPage_in_Stack -->
  <testcase classname="crossBrowser.CrossBrowserStackTesting" name="Run_Test_In_TryEditor_of_Implementationpage_in_stack" time="0.0">
    <skipped/>
  </testcase> <!-- Run_Test_In_TryEditor_of_Implementationpage_in_stack -->
  <testcase classname="crossBrowser.CrossBrowserStackTesting" name="Open_The_Applicationspage_In_Stack" time="0.0">
    <skipped/>
  </testcase> <!-- Open_The_Applicationspage_In_Stack -->
  <testcase classname="crossBrowser.CrossBrowserStackTesting" name="Run_Test_In_TryEditor_of_Applicationspage_in_stack" time="0.0">
    <skipped/>
  </testcase> <!-- Run_Test_In_TryEditor_of_Applicationspage_in_stack -->
  <testcase classname="crossBrowser.CrossBrowserStackTesting" name="Open_Practice_Questions_Page_in_stack" time="0.0">
    <skipped/>
  </testcase> <!-- Open_Practice_Questions_Page_in_stack -->
</testsuite> <!-- Default test -->
